2026-06-14 14:24:33 | INFO     | src.data.collector:__init__:177 | FastF1 cache  : /Users/misty/Documents/f1-race-strategy-analytics/.fastf1_cache
2026-06-14 14:24:33 | INFO     | src.data.collector:__init__:178 | Seasons       : [2023, 2024]
2026-06-14 14:24:33 | INFO     | src.data.collector:__init__:179 | Session type  : R
2026-06-14 14:24:33 | INFO     | src.data.collector:__init__:180 | Overwrite     : False
2026-06-14 14:24:33 | INFO     | src.data.collector:run:189 | ============================================================
2026-06-14 14:24:33 | INFO     | src.data.collector:run:190 | F1 Data Collection Pipeline — START
2026-06-14 14:24:33 | INFO     | src.data.collector:run:191 | ============================================================
2026-06-14 14:24:33 | INFO     | src.data.collector:_collect_season:219 | ── Season 2023 ──────────────────────────────────
2026-06-14 14:24:34 | INFO     | src.data.collector:_collect_season:229 | Season 2023: 22 race events found
2026-06-14 14:24:34 | INFO     | src.data.collector:_collect_race:257 | Processing: 2023 R01 — Bahrain Grand Prix
2026-06-14 14:24:42 | SUCCESS  | src.data.collector:_collect_race:300 |   OK  — 2023 R01 — Bahrain Grand Prix
2026-06-14 14:24:43 | INFO     | src.data.collector:_collect_race:257 | Processing: 2023 R02 — Saudi Arabian Grand Prix
2026-06-14 14:24:50 | SUCCESS  | src.data.collector:_collect_race:300 |   OK  — 2023 R02 — Saudi Arabian Grand Prix
2026-06-14 14:24:51 | INFO     | src.data.collector:_collect_race:257 | Processing: 2023 R03 — Australian Grand Prix
2026-06-14 14:25:03 | SUCCESS  | src.data.collector:_collect_race:300 |   OK  — 2023 R03 — Australian Grand Prix
2026-06-14 14:25:04 | INFO     | src.data.collector:_collect_race:257 | Processing: 2023 R04 — Azerbaijan Grand Prix
2026-06-14 14:25:11 | SUCCESS  | src.data.collector:_collect_race:300 |   OK  — 2023 R04 — Azerbaijan Grand Prix
2026-06-14 14:25:12 | INFO     | src.data.collector:_collect_race:257 | Processing: 2023 R05 — Miami Grand Prix
2026-06-14 14:25:20 | SUCCESS  | src.data.collector:_collect_race:300 |   OK  — 2023 R05 — Miami Grand Prix
2026-06-14 14:25:21 | INFO     | src.data.collector:_collect_race:257 | Processing: 2023 R06 — Monaco Grand Prix
2026-06-14 14:25:29 | SUCCESS  | src.data.collector:_collect_race:300 |   OK  — 2023 R06 — Monaco Grand Prix
2026-06-14 14:25:30 | INFO     | src.data.collector:_collect_race:257 | Processing: 2023 R07 — Spanish Grand Prix
2026-06-14 14:25:38 | SUCCESS  | src.data.collector:_collect_race:300 |   OK  — 2023 R07 — Spanish Grand Prix
2026-06-14 14:25:39 | INFO     | src.data.collector:_collect_race:257 | Processing: 2023 R08 — Canadian Grand Prix
2026-06-14 14:25:47 | SUCCESS  | src.data.collector:_collect_race:300 |   OK  — 2023 R08 — Canadian Grand Prix
2026-06-14 14:25:48 | INFO     | src.data.collector:_collect_race:257 | Processing: 2023 R09 — Austrian Grand Prix
2026-06-14 14:25:57 | SUCCESS  | src.data.collector:_collect_race:300 |   OK  — 2023 R09 — Austrian Grand Prix
2026-06-14 14:25:58 | INFO     | src.data.collector:_collect_race:257 | Processing: 2023 R10 — British Grand Prix
2026-06-14 14:26:06 | SUCCESS  | src.data.collector:_collect_race:300 |   OK  — 2023 R10 — British Grand Prix
2026-06-14 14:26:07 | INFO     | src.data.collector:_collect_race:257 | Processing: 2023 R11 — Hungarian Grand Prix
2026-06-14 14:26:15 | SUCCESS  | src.data.collector:_collect_race:300 |   OK  — 2023 R11 — Hungarian Grand Prix
2026-06-14 14:26:16 | INFO     | src.data.collector:_collect_race:257 | Processing: 2023 R12 — Belgian Grand Prix
2026-06-14 14:26:23 | SUCCESS  | src.data.collector:_collect_race:300 |   OK  — 2023 R12 — Belgian Grand Prix
2026-06-14 14:26:24 | INFO     | src.data.collector:_collect_race:257 | Processing: 2023 R13 — Dutch Grand Prix
2026-06-14 14:26:32 | SUCCESS  | src.data.collector:_collect_race:300 |   OK  — 2023 R13 — Dutch Grand Prix
2026-06-14 14:26:33 | INFO     | src.data.collector:_collect_race:257 | Processing: 2023 R14 — Italian Grand Prix
2026-06-14 14:26:41 | SUCCESS  | src.data.collector:_collect_race:300 |   OK  — 2023 R14 — Italian Grand Prix
2026-06-14 14:26:42 | INFO     | src.data.collector:_collect_race:257 | Processing: 2023 R15 — Singapore Grand Prix
2026-06-14 14:26:49 | SUCCESS  | src.data.collector:_collect_race:300 |   OK  — 2023 R15 — Singapore Grand Prix
2026-06-14 14:26:50 | INFO     | src.data.collector:_collect_race:257 | Processing: 2023 R16 — Japanese Grand Prix
2026-06-14 14:26:57 | SUCCESS  | src.data.collector:_collect_race:300 |   OK  — 2023 R16 — Japanese Grand Prix
2026-06-14 14:26:58 | INFO     | src.data.collector:_collect_race:257 | Processing: 2023 R17 — Qatar Grand Prix
2026-06-14 14:27:06 | SUCCESS  | src.data.collector:_collect_race:300 |   OK  — 2023 R17 — Qatar Grand Prix
2026-06-14 14:27:07 | INFO     | src.data.collector:_collect_race:257 | Processing: 2023 R18 — United States Grand Prix
2026-06-14 14:27:15 | SUCCESS  | src.data.collector:_collect_race:300 |   OK  — 2023 R18 — United States Grand Prix
2026-06-14 14:27:16 | INFO     | src.data.collector:_collect_race:257 | Processing: 2023 R19 — Mexico City Grand Prix
2026-06-14 14:27:24 | SUCCESS  | src.data.collector:_collect_race:300 |   OK  — 2023 R19 — Mexico City Grand Prix
2026-06-14 14:27:25 | INFO     | src.data.collector:_collect_race:257 | Processing: 2023 R20 — São Paulo Grand Prix
2026-06-14 14:27:34 | SUCCESS  | src.data.collector:_collect_race:300 |   OK  — 2023 R20 — São Paulo Grand Prix
2026-06-14 14:27:35 | INFO     | src.data.collector:_collect_race:257 | Processing: 2023 R21 — Las Vegas Grand Prix
2026-06-14 14:27:43 | SUCCESS  | src.data.collector:_collect_race:300 |   OK  — 2023 R21 — Las Vegas Grand Prix
2026-06-14 14:27:44 | INFO     | src.data.collector:_collect_race:257 | Processing: 2023 R22 — Abu Dhabi Grand Prix
2026-06-14 14:27:51 | SUCCESS  | src.data.collector:_collect_race:300 |   OK  — 2023 R22 — Abu Dhabi Grand Prix
2026-06-14 14:27:52 | INFO     | src.data.collector:_collect_season:219 | ── Season 2024 ──────────────────────────────────
2026-06-14 14:27:53 | INFO     | src.data.collector:_collect_season:229 | Season 2024: 24 race events found
2026-06-14 14:27:53 | INFO     | src.data.collector:_collect_race:257 | Processing: 2024 R01 — Bahrain Grand Prix
2026-06-14 14:28:00 | SUCCESS  | src.data.collector:_collect_race:300 |   OK  — 2024 R01 — Bahrain Grand Prix
2026-06-14 14:28:01 | INFO     | src.data.collector:_collect_race:257 | Processing: 2024 R02 — Saudi Arabian Grand Prix
2026-06-14 14:28:08 | SUCCESS  | src.data.collector:_collect_race:300 |   OK  — 2024 R02 — Saudi Arabian Grand Prix
2026-06-14 14:28:09 | INFO     | src.data.collector:_collect_race:257 | Processing: 2024 R03 — Australian Grand Prix
2026-06-14 14:28:16 | SUCCESS  | src.data.collector:_collect_race:300 |   OK  — 2024 R03 — Australian Grand Prix
2026-06-14 14:28:17 | INFO     | src.data.collector:_collect_race:257 | Processing: 2024 R04 — Japanese Grand Prix
2026-06-14 14:28:24 | SUCCESS  | src.data.collector:_collect_race:300 |   OK  — 2024 R04 — Japanese Grand Prix
2026-06-14 14:28:25 | INFO     | src.data.collector:_collect_race:257 | Processing: 2024 R05 — Chinese Grand Prix
2026-06-14 14:28:31 | SUCCESS  | src.data.collector:_collect_race:300 |   OK  — 2024 R05 — Chinese Grand Prix
2026-06-14 14:28:32 | INFO     | src.data.collector:_collect_race:257 | Processing: 2024 R06 — Miami Grand Prix
2026-06-14 14:28:40 | SUCCESS  | src.data.collector:_collect_race:300 |   OK  — 2024 R06 — Miami Grand Prix
2026-06-14 14:28:41 | INFO     | src.data.collector:_collect_race:257 | Processing: 2024 R07 — Emilia Romagna Grand Prix
2026-06-14 14:28:48 | SUCCESS  | src.data.collector:_collect_race:300 |   OK  — 2024 R07 — Emilia Romagna Grand Prix
2026-06-14 14:28:49 | INFO     | src.data.collector:_collect_race:257 | Processing: 2024 R08 — Monaco Grand Prix
2026-06-14 14:28:57 | SUCCESS  | src.data.collector:_collect_race:300 |   OK  — 2024 R08 — Monaco Grand Prix
2026-06-14 14:28:58 | INFO     | src.data.collector:_collect_race:257 | Processing: 2024 R09 — Canadian Grand Prix
2026-06-14 14:29:06 | SUCCESS  | src.data.collector:_collect_race:300 |   OK  — 2024 R09 — Canadian Grand Prix
2026-06-14 14:29:07 | INFO     | src.data.collector:_collect_race:257 | Processing: 2024 R10 — Spanish Grand Prix
2026-06-14 14:29:14 | SUCCESS  | src.data.collector:_collect_race:300 |   OK  — 2024 R10 — Spanish Grand Prix
2026-06-14 14:29:15 | INFO     | src.data.collector:_collect_race:257 | Processing: 2024 R11 — Austrian Grand Prix
2026-06-14 14:29:23 | SUCCESS  | src.data.collector:_collect_race:300 |   OK  — 2024 R11 — Austrian Grand Prix
2026-06-14 14:29:24 | INFO     | src.data.collector:_collect_race:257 | Processing: 2024 R12 — British Grand Prix
2026-06-14 14:29:30 | SUCCESS  | src.data.collector:_collect_race:300 |   OK  — 2024 R12 — British Grand Prix
2026-06-14 14:29:31 | INFO     | src.data.collector:_collect_race:257 | Processing: 2024 R13 — Hungarian Grand Prix
2026-06-14 14:29:39 | SUCCESS  | src.data.collector:_collect_race:300 |   OK  — 2024 R13 — Hungarian Grand Prix
2026-06-14 14:29:40 | INFO     | src.data.collector:_collect_race:257 | Processing: 2024 R14 — Belgian Grand Prix
2026-06-14 14:29:47 | SUCCESS  | src.data.collector:_collect_race:300 |   OK  — 2024 R14 — Belgian Grand Prix
2026-06-14 14:29:48 | INFO     | src.data.collector:_collect_race:257 | Processing: 2024 R15 — Dutch Grand Prix
2026-06-14 14:29:56 | SUCCESS  | src.data.collector:_collect_race:300 |   OK  — 2024 R15 — Dutch Grand Prix
2026-06-14 14:29:57 | INFO     | src.data.collector:_collect_race:257 | Processing: 2024 R16 — Italian Grand Prix
2026-06-14 14:30:04 | SUCCESS  | src.data.collector:_collect_race:300 |   OK  — 2024 R16 — Italian Grand Prix
2026-06-14 14:30:05 | INFO     | src.data.collector:_collect_race:257 | Processing: 2024 R17 — Azerbaijan Grand Prix
2026-06-14 14:30:13 | SUCCESS  | src.data.collector:_collect_race:300 |   OK  — 2024 R17 — Azerbaijan Grand Prix
2026-06-14 14:30:14 | INFO     | src.data.collector:_collect_race:257 | Processing: 2024 R18 — Singapore Grand Prix
2026-06-14 14:30:26 | SUCCESS  | src.data.collector:_collect_race:300 |   OK  — 2024 R18 — Singapore Grand Prix
2026-06-14 14:30:27 | INFO     | src.data.collector:_collect_race:257 | Processing: 2024 R19 — United States Grand Prix
2026-06-14 14:30:36 | SUCCESS  | src.data.collector:_collect_race:300 |   OK  — 2024 R19 — United States Grand Prix
2026-06-14 14:30:37 | INFO     | src.data.collector:_collect_race:257 | Processing: 2024 R20 — Mexico City Grand Prix
2026-06-14 14:30:44 | SUCCESS  | src.data.collector:_collect_race:300 |   OK  — 2024 R20 — Mexico City Grand Prix
2026-06-14 14:30:45 | INFO     | src.data.collector:_collect_race:257 | Processing: 2024 R21 — São Paulo Grand Prix
2026-06-14 14:30:52 | SUCCESS  | src.data.collector:_collect_race:300 |   OK  — 2024 R21 — São Paulo Grand Prix
2026-06-14 14:30:53 | INFO     | src.data.collector:_collect_race:257 | Processing: 2024 R22 — Las Vegas Grand Prix
2026-06-14 14:31:01 | SUCCESS  | src.data.collector:_collect_race:300 |   OK  — 2024 R22 — Las Vegas Grand Prix
2026-06-14 14:31:02 | INFO     | src.data.collector:_collect_race:257 | Processing: 2024 R23 — Qatar Grand Prix
2026-06-14 14:31:09 | SUCCESS  | src.data.collector:_collect_race:300 |   OK  — 2024 R23 — Qatar Grand Prix
2026-06-14 14:31:10 | INFO     | src.data.collector:_collect_race:257 | Processing: 2024 R24 — Abu Dhabi Grand Prix
2026-06-14 14:31:18 | SUCCESS  | src.data.collector:_collect_race:300 |   OK  — 2024 R24 — Abu Dhabi Grand Prix
2026-06-14 14:31:19 | INFO     | src.data.collector:_log_summary:672 | ============================================================
2026-06-14 14:31:19 | INFO     | src.data.collector:_log_summary:673 | Collection complete
2026-06-14 14:31:19 | INFO     | src.data.collector:_log_summary:674 |   Total  : 46
2026-06-14 14:31:19 | INFO     | src.data.collector:_log_summary:675 |   OK     : 46
2026-06-14 14:31:19 | INFO     | src.data.collector:_log_summary:676 |   Skipped: 0
2026-06-14 14:31:19 | INFO     | src.data.collector:_log_summary:677 |   Failed : 0
2026-06-14 14:31:19 | INFO     | src.data.collector:_log_summary:682 | ============================================================
2026-06-14 19:05:18 | INFO     | src.data.collector:__init__:177 | FastF1 cache  : /Users/misty/Documents/f1-race-strategy-analytics/.fastf1_cache
2026-06-14 19:05:18 | INFO     | src.data.collector:__init__:178 | Seasons       : [2023, 2024]
2026-06-14 19:05:18 | INFO     | src.data.collector:__init__:179 | Session type  : R
2026-06-14 19:05:18 | INFO     | src.data.collector:__init__:180 | Overwrite     : False
2026-06-14 19:05:18 | INFO     | src.data.collector:run:189 | ============================================================
2026-06-14 19:05:18 | INFO     | src.data.collector:run:190 | F1 Data Collection Pipeline — START
2026-06-14 19:05:18 | INFO     | src.data.collector:run:191 | ============================================================
2026-06-14 19:05:18 | INFO     | src.data.collector:_collect_season:219 | ── Season 2023 ──────────────────────────────────
2026-06-14 19:05:19 | INFO     | src.data.collector:_collect_season:229 | Season 2023: 22 race events found
2026-06-14 19:05:19 | INFO     | src.data.collector:_collect_race:257 | Processing: 2023 R01 — Bahrain Grand Prix
2026-06-14 19:05:19 | INFO     | src.data.collector:_collect_race:271 |   SKIP — all files already exist for 2023 R01 — Bahrain Grand Prix
2026-06-14 19:05:20 | INFO     | src.data.collector:_collect_race:257 | Processing: 2023 R02 — Saudi Arabian Grand Prix
2026-06-14 19:05:20 | INFO     | src.data.collector:_collect_race:271 |   SKIP — all files already exist for 2023 R02 — Saudi Arabian Grand Prix
2026-06-14 19:05:21 | INFO     | src.data.collector:_collect_race:257 | Processing: 2023 R03 — Australian Grand Prix
2026-06-14 19:05:21 | INFO     | src.data.collector:_collect_race:271 |   SKIP — all files already exist for 2023 R03 — Australian Grand Prix
2026-06-14 19:05:22 | INFO     | src.data.collector:_collect_race:257 | Processing: 2023 R04 — Azerbaijan Grand Prix
2026-06-14 19:05:22 | INFO     | src.data.collector:_collect_race:271 |   SKIP — all files already exist for 2023 R04 — Azerbaijan Grand Prix
2026-06-14 19:05:23 | INFO     | src.data.collector:_collect_race:257 | Processing: 2023 R05 — Miami Grand Prix
2026-06-14 19:05:23 | INFO     | src.data.collector:_collect_race:271 |   SKIP — all files already exist for 2023 R05 — Miami Grand Prix
2026-06-14 19:05:24 | INFO     | src.data.collector:_collect_race:257 | Processing: 2023 R06 — Monaco Grand Prix
2026-06-14 19:05:24 | INFO     | src.data.collector:_collect_race:271 |   SKIP — all files already exist for 2023 R06 — Monaco Grand Prix
2026-06-14 19:05:25 | INFO     | src.data.collector:_collect_race:257 | Processing: 2023 R07 — Spanish Grand Prix
2026-06-14 19:05:25 | INFO     | src.data.collector:_collect_race:271 |   SKIP — all files already exist for 2023 R07 — Spanish Grand Prix
2026-06-14 19:05:26 | INFO     | src.data.collector:_collect_race:257 | Processing: 2023 R08 — Canadian Grand Prix
2026-06-14 19:05:26 | INFO     | src.data.collector:_collect_race:271 |   SKIP — all files already exist for 2023 R08 — Canadian Grand Prix
2026-06-14 19:05:27 | INFO     | src.data.collector:_collect_race:257 | Processing: 2023 R09 — Austrian Grand Prix
2026-06-14 19:05:27 | INFO     | src.data.collector:_collect_race:271 |   SKIP — all files already exist for 2023 R09 — Austrian Grand Prix
2026-06-14 19:05:28 | INFO     | src.data.collector:_collect_race:257 | Processing: 2023 R10 — British Grand Prix
2026-06-14 19:05:28 | INFO     | src.data.collector:_collect_race:271 |   SKIP — all files already exist for 2023 R10 — British Grand Prix
2026-06-14 19:05:29 | INFO     | src.data.collector:_collect_race:257 | Processing: 2023 R11 — Hungarian Grand Prix
2026-06-14 19:05:29 | INFO     | src.data.collector:_collect_race:271 |   SKIP — all files already exist for 2023 R11 — Hungarian Grand Prix
2026-06-14 19:05:30 | INFO     | src.data.collector:_collect_race:257 | Processing: 2023 R12 — Belgian Grand Prix
2026-06-14 19:05:30 | INFO     | src.data.collector:_collect_race:271 |   SKIP — all files already exist for 2023 R12 — Belgian Grand Prix
2026-06-14 19:05:31 | INFO     | src.data.collector:_collect_race:257 | Processing: 2023 R13 — Dutch Grand Prix
2026-06-14 19:05:31 | INFO     | src.data.collector:_collect_race:271 |   SKIP — all files already exist for 2023 R13 — Dutch Grand Prix
2026-06-14 19:05:32 | INFO     | src.data.collector:_collect_race:257 | Processing: 2023 R14 — Italian Grand Prix
2026-06-14 19:05:32 | INFO     | src.data.collector:_collect_race:271 |   SKIP — all files already exist for 2023 R14 — Italian Grand Prix
2026-06-14 19:05:33 | INFO     | src.data.collector:_collect_race:257 | Processing: 2023 R15 — Singapore Grand Prix
2026-06-14 19:05:33 | INFO     | src.data.collector:_collect_race:271 |   SKIP — all files already exist for 2023 R15 — Singapore Grand Prix
2026-06-14 19:05:34 | INFO     | src.data.collector:_collect_race:257 | Processing: 2023 R16 — Japanese Grand Prix
2026-06-14 19:05:34 | INFO     | src.data.collector:_collect_race:271 |   SKIP — all files already exist for 2023 R16 — Japanese Grand Prix
2026-06-14 19:05:35 | INFO     | src.data.collector:_collect_race:257 | Processing: 2023 R17 — Qatar Grand Prix
2026-06-14 19:05:35 | INFO     | src.data.collector:_collect_race:271 |   SKIP — all files already exist for 2023 R17 — Qatar Grand Prix
2026-06-14 19:05:36 | INFO     | src.data.collector:_collect_race:257 | Processing: 2023 R18 — United States Grand Prix
2026-06-14 19:05:36 | INFO     | src.data.collector:_collect_race:271 |   SKIP — all files already exist for 2023 R18 — United States Grand Prix
2026-06-14 19:05:37 | INFO     | src.data.collector:_collect_race:257 | Processing: 2023 R19 — Mexico City Grand Prix
2026-06-14 19:05:37 | INFO     | src.data.collector:_collect_race:271 |   SKIP — all files already exist for 2023 R19 — Mexico City Grand Prix
2026-06-14 19:05:38 | INFO     | src.data.collector:_collect_race:257 | Processing: 2023 R20 — São Paulo Grand Prix
2026-06-14 19:05:38 | INFO     | src.data.collector:_collect_race:271 |   SKIP — all files already exist for 2023 R20 — São Paulo Grand Prix
2026-06-14 19:05:39 | INFO     | src.data.collector:_collect_race:257 | Processing: 2023 R21 — Las Vegas Grand Prix
2026-06-14 19:05:39 | INFO     | src.data.collector:_collect_race:271 |   SKIP — all files already exist for 2023 R21 — Las Vegas Grand Prix
2026-06-14 19:05:40 | INFO     | src.data.collector:_collect_race:257 | Processing: 2023 R22 — Abu Dhabi Grand Prix
2026-06-14 19:05:40 | INFO     | src.data.collector:_collect_race:271 |   SKIP — all files already exist for 2023 R22 — Abu Dhabi Grand Prix
2026-06-14 19:05:41 | INFO     | src.data.collector:_collect_season:219 | ── Season 2024 ──────────────────────────────────
2026-06-14 19:05:41 | INFO     | src.data.collector:_collect_season:229 | Season 2024: 24 race events found
2026-06-14 19:05:41 | INFO     | src.data.collector:_collect_race:257 | Processing: 2024 R01 — Bahrain Grand Prix
2026-06-14 19:05:41 | INFO     | src.data.collector:_collect_race:271 |   SKIP — all files already exist for 2024 R01 — Bahrain Grand Prix
2026-06-14 19:05:42 | INFO     | src.data.collector:_collect_race:257 | Processing: 2024 R02 — Saudi Arabian Grand Prix
2026-06-14 19:05:42 | INFO     | src.data.collector:_collect_race:271 |   SKIP — all files already exist for 2024 R02 — Saudi Arabian Grand Prix
2026-06-14 19:05:43 | INFO     | src.data.collector:_collect_race:257 | Processing: 2024 R03 — Australian Grand Prix
2026-06-14 19:05:43 | INFO     | src.data.collector:_collect_race:271 |   SKIP — all files already exist for 2024 R03 — Australian Grand Prix
2026-06-14 19:05:44 | INFO     | src.data.collector:_collect_race:257 | Processing: 2024 R04 — Japanese Grand Prix
2026-06-14 19:05:44 | INFO     | src.data.collector:_collect_race:271 |   SKIP — all files already exist for 2024 R04 — Japanese Grand Prix
2026-06-14 19:05:45 | INFO     | src.data.collector:_collect_race:257 | Processing: 2024 R05 — Chinese Grand Prix
2026-06-14 19:05:45 | INFO     | src.data.collector:_collect_race:271 |   SKIP — all files already exist for 2024 R05 — Chinese Grand Prix
2026-06-14 19:05:46 | INFO     | src.data.collector:_collect_race:257 | Processing: 2024 R06 — Miami Grand Prix
2026-06-14 19:05:46 | INFO     | src.data.collector:_collect_race:271 |   SKIP — all files already exist for 2024 R06 — Miami Grand Prix
2026-06-14 19:05:47 | INFO     | src.data.collector:_collect_race:257 | Processing: 2024 R07 — Emilia Romagna Grand Prix
2026-06-14 19:05:47 | INFO     | src.data.collector:_collect_race:271 |   SKIP — all files already exist for 2024 R07 — Emilia Romagna Grand Prix
2026-06-14 19:05:48 | INFO     | src.data.collector:_collect_race:257 | Processing: 2024 R08 — Monaco Grand Prix
2026-06-14 19:05:48 | INFO     | src.data.collector:_collect_race:271 |   SKIP — all files already exist for 2024 R08 — Monaco Grand Prix
2026-06-14 19:05:49 | INFO     | src.data.collector:_collect_race:257 | Processing: 2024 R09 — Canadian Grand Prix
2026-06-14 19:05:49 | INFO     | src.data.collector:_collect_race:271 |   SKIP — all files already exist for 2024 R09 — Canadian Grand Prix
2026-06-14 19:05:50 | INFO     | src.data.collector:_collect_race:257 | Processing: 2024 R10 — Spanish Grand Prix
2026-06-14 19:05:50 | INFO     | src.data.collector:_collect_race:271 |   SKIP — all files already exist for 2024 R10 — Spanish Grand Prix
2026-06-14 19:05:51 | INFO     | src.data.collector:_collect_race:257 | Processing: 2024 R11 — Austrian Grand Prix
2026-06-14 19:05:51 | INFO     | src.data.collector:_collect_race:271 |   SKIP — all files already exist for 2024 R11 — Austrian Grand Prix
2026-06-14 19:05:52 | INFO     | src.data.collector:_collect_race:257 | Processing: 2024 R12 — British Grand Prix
2026-06-14 19:05:52 | INFO     | src.data.collector:_collect_race:271 |   SKIP — all files already exist for 2024 R12 — British Grand Prix
2026-06-14 19:05:53 | INFO     | src.data.collector:_collect_race:257 | Processing: 2024 R13 — Hungarian Grand Prix
2026-06-14 19:05:53 | INFO     | src.data.collector:_collect_race:271 |   SKIP — all files already exist for 2024 R13 — Hungarian Grand Prix
2026-06-14 19:05:54 | INFO     | src.data.collector:_collect_race:257 | Processing: 2024 R14 — Belgian Grand Prix
2026-06-14 19:05:54 | INFO     | src.data.collector:_collect_race:271 |   SKIP — all files already exist for 2024 R14 — Belgian Grand Prix
2026-06-14 19:05:55 | INFO     | src.data.collector:_collect_race:257 | Processing: 2024 R15 — Dutch Grand Prix
2026-06-14 19:05:55 | INFO     | src.data.collector:_collect_race:271 |   SKIP — all files already exist for 2024 R15 — Dutch Grand Prix
2026-06-14 19:05:56 | INFO     | src.data.collector:_collect_race:257 | Processing: 2024 R16 — Italian Grand Prix
2026-06-14 19:05:56 | INFO     | src.data.collector:_collect_race:271 |   SKIP — all files already exist for 2024 R16 — Italian Grand Prix
2026-06-14 19:05:57 | INFO     | src.data.collector:_collect_race:257 | Processing: 2024 R17 — Azerbaijan Grand Prix
2026-06-14 19:05:57 | INFO     | src.data.collector:_collect_race:271 |   SKIP — all files already exist for 2024 R17 — Azerbaijan Grand Prix
2026-06-14 19:05:58 | INFO     | src.data.collector:_collect_race:257 | Processing: 2024 R18 — Singapore Grand Prix
2026-06-14 19:05:58 | INFO     | src.data.collector:_collect_race:271 |   SKIP — all files already exist for 2024 R18 — Singapore Grand Prix
2026-06-14 19:05:59 | INFO     | src.data.collector:_collect_race:257 | Processing: 2024 R19 — United States Grand Prix
2026-06-14 19:05:59 | INFO     | src.data.collector:_collect_race:271 |   SKIP — all files already exist for 2024 R19 — United States Grand Prix
2026-06-14 19:06:00 | INFO     | src.data.collector:_collect_race:257 | Processing: 2024 R20 — Mexico City Grand Prix
2026-06-14 19:06:00 | INFO     | src.data.collector:_collect_race:271 |   SKIP — all files already exist for 2024 R20 — Mexico City Grand Prix
2026-06-14 19:06:01 | INFO     | src.data.collector:_collect_race:257 | Processing: 2024 R21 — São Paulo Grand Prix
2026-06-14 19:06:01 | INFO     | src.data.collector:_collect_race:271 |   SKIP — all files already exist for 2024 R21 — São Paulo Grand Prix
2026-06-14 19:06:02 | INFO     | src.data.collector:_collect_race:257 | Processing: 2024 R22 — Las Vegas Grand Prix
2026-06-14 19:06:02 | INFO     | src.data.collector:_collect_race:271 |   SKIP — all files already exist for 2024 R22 — Las Vegas Grand Prix
2026-06-14 19:06:03 | INFO     | src.data.collector:_collect_race:257 | Processing: 2024 R23 — Qatar Grand Prix
2026-06-14 19:06:03 | INFO     | src.data.collector:_collect_race:271 |   SKIP — all files already exist for 2024 R23 — Qatar Grand Prix
2026-06-14 19:06:04 | INFO     | src.data.collector:_collect_race:257 | Processing: 2024 R24 — Abu Dhabi Grand Prix
2026-06-14 19:06:04 | INFO     | src.data.collector:_collect_race:271 |   SKIP — all files already exist for 2024 R24 — Abu Dhabi Grand Prix
2026-06-14 19:06:05 | INFO     | src.data.collector:_log_summary:672 | ============================================================
2026-06-14 19:06:05 | INFO     | src.data.collector:_log_summary:673 | Collection complete
2026-06-14 19:06:05 | INFO     | src.data.collector:_log_summary:674 |   Total  : 46
2026-06-14 19:06:05 | INFO     | src.data.collector:_log_summary:675 |   OK     : 0
2026-06-14 19:06:05 | INFO     | src.data.collector:_log_summary:676 |   Skipped: 46
2026-06-14 19:06:05 | INFO     | src.data.collector:_log_summary:677 |   Failed : 0
2026-06-14 19:06:05 | INFO     | src.data.collector:_log_summary:682 | ============================================================
